0 info it worked if it ends with ok
1 verbose cli [ '/usr/local/bin/node',
1 verbose cli   '/usr/local/bin/npm',
1 verbose cli   'uninstall',
1 verbose cli   '-g',
1 verbose cli   'sweet.js' ]
2 info using npm@1.4.28
3 info using node@v0.10.32
4 verbose lib/node_modules/sweet.js unbuild
5 info preuninstall sweet.js@1.0.1
6 info uninstall sweet.js@1.0.1
7 verbose true,/usr/local/lib/node_modules,/usr/local/lib/node_modules unbuild sweet.js@1.0.1
8 verbose /usr/local/bin,[object Object] binRoot
9 error Error: EACCES, unlink '/usr/local/bin/sjs'
9 error  { [Error: EACCES, unlink '/usr/local/bin/sjs'] errno: 3, code: 'EACCES', path: '/usr/local/bin/sjs' }
10 error Please try running this command again as root/Administrator.
11 error System Linux 4.2.0-34-generic
12 error command "/usr/local/bin/node" "/usr/local/bin/npm" "uninstall" "-g" "sweet.js"
13 error cwd /home/swapnil/Assignments/CS252/Project
14 error node -v v0.10.32
15 error npm -v 1.4.28
16 error path /usr/local/bin/sjs
17 error code EACCES
18 error errno 3
19 error stack Error: EACCES, unlink '/usr/local/bin/sjs'
20 verbose exit [ 3, true ]
